NLooking for mplayer...
GMPlayer2 2.0-728-g2c378c7-2ubuntu3 (C) 2000-2012 MPlayer Team
IController: Initializing
E
E
E
E
E
E
E
E
E
E
E
ILoaded 12 items from /home/apexys/content/songs
E
E
E
E
E
E
E
E
E
E
ILoaded 10 items from /home/apexys/content/jingles
E
ILoaded 1 items from /home/apexys/content/news
E
IController: Idle
IController: Running
GCurrent action: Idle
GNext action: Song
GCurrent action: Song
GNext action: Song
E
E
E
E
NLooking for mplayer...
GMPlayer2 2.0-728-g2c378c7-2ubuntu3 (C) 2000-2012 MPlayer Team
IController: Initializing
ILoaded 12 items from /home/apexys/content/songs
ILoaded 10 items from /home/apexys/content/jingles
ILoaded 1 items from /home/apexys/content/news
IController: Idle
IController: Running
GCurrent action: Idle
GNext action: Song
GCurrent action: Song
GNext action: Song
EInvalid shared memory segment size
NLooking for mplayer...
GMPlayer2 2.0-728-g2c378c7-2ubuntu3 (C) 2000-2012 MPlayer Team
IController: Initializing
EInvalid shared memory segment size
EInvalid shared memory segment size
EInvalid shared memory segment size
EInvalid shared memory segment size
EInvalid shared memory segment size
EInvalid shared memory segment size
EInvalid shared memory segment size
ILoaded 12 items from /home/apexys/content/songs
EInvalid shared memory segment size
EInvalid shared memory segment size
EInvalid shared memory segment size
EInvalid shared memory segment size
EInvalid shared memory segment size
ILoaded 10 items from /home/apexys/content/jingles
EInvalid shared memory segment size
ILoaded 1 items from /home/apexys/content/news
IController: Idle
IController: Running
GCurrent action: Idle
GNext action: Song
GCurrent action: Song
GNext action: Song
EInvalid shared memory segment size
NLooking for mplayer...
GMPlayer2 2.0-728-g2c378c7-2ubuntu3 (C) 2000-2012 MPlayer Team
DEnvironment: /home/apexys/RadioController/RadioController/bin/Debug
IController: Initializing
EInvalid shared memory segment size
DAdded (01) Phoenix - Everything is Everything.mp3
EInvalid shared memory segment size
DAdded (02) Phoenix - Run Run Run.mp3
EInvalid shared memory segment size
DAdded 01 - A.mp3
EInvalid shared memory segment size
DAdded 01. Debaser.mp3
DAdded 01. E-Go.mp3
EInvalid shared memory segment size
DAdded 01. Peterlicht - Sag Mir, Wo Ich Beginnen Soll.mp3
DAdded 01. This Is The Beginning.mp3
EInvalid shared memory segment size
DAdded 01.Chinatown.mp3
EInvalid shared memory segment size
DAdded 1-01 If Not I'll Just Die.mp3
EInvalid shared memory segment size
DAdded 1-02 2B2.mp3
DAdded 1-03 Gone Tomorrow.mp3
EInvalid shared memory segment size
DAdded 1-04 Mr. Met.mp3
ILoaded 12 items from /home/apexys/content/songs
DAdded Campusradio IndieWelle 2.mp3
EInvalid shared memory segment size
DAdded Campusradio IndieWelle Kiel.mp3
DAdded Campusradio IndieWelle.mp3
EInvalid shared memory segment size
DAdded Campusradio Leichter Zu Empfangen Als Bafög.mp3
DAdded Detlef.mp3
EInvalid shared memory segment size
EInvalid shared memory segment size
EInvalid shared memory segment size
DAdded Guten Tag Studenten (Sonneborn).mp3
DAdded Hallo Kollegen.mp3
EInvalid shared memory segment size
EInvalid shared memory segment size
DAdded Hier ist das erste Kieler Campusradio.mp3
EInvalid shared memory segment size
EInvalid shared memory segment size
DAdded Nächster Halt.mp3
EInvalid shared memory segment size
EInvalid shared memory segment size
DAdded Wenn sich zwei Menschen.mp3
ILoaded 10 items from /home/apexys/content/jingles
EInvalid shared memory segment size
EInvalid shared memory segment size
DAdded Campusradio News Neutral.mp3
ILoaded 1 items from /home/apexys/content/news
IController: Idle
IController: Running
GCurrent action: Idle
GNext action: Song
GCurrent action: Song
GNext action: Song
EInvalid shared memory segment size
EInvalid shared memory segment size
DMixer fading: 8.333333
DMixer fading: 16.66667
DMixer fading: 25
DMixer fading: 33.33333
DMixer fading: 41.66666
DMixer fading: 50
DMixer fading: 58.33333
DMixer fading: 66.66666
DMixer fading: 75
DMixer fading: 83.33334
DMixer fading: 91.66667
DMixer fading: 100
NLooking for mplayer...
GMPlayer2 2.0-728-g2c378c7-2ubuntu3 (C) 2000-2012 MPlayer Team
DEnvironment: /home/apexys/RadioController/RadioController/bin/Debug
IController: Initializing
EInvalid shared memory segment size
EInvalid shared memory segment size
DAdded (01) Phoenix - Everything is Everything.mp3
DAdded (02) Phoenix - Run Run Run.mp3
EInvalid shared memory segment size
EInvalid shared memory segment size
DAdded 01 - A.mp3
DAdded 01. Debaser.mp3
EInvalid shared memory segment size
EInvalid shared memory segment size
DAdded 01. E-Go.mp3
DAdded 01. Peterlicht - Sag Mir, Wo Ich Beginnen Soll.mp3
EInvalid shared memory segment size
EInvalid shared memory segment size
DAdded 01. This Is The Beginning.mp3
DAdded 01.Chinatown.mp3
EInvalid shared memory segment size
EInvalid shared memory segment size
DAdded 1-01 If Not I'll Just Die.mp3
DAdded 1-02 2B2.mp3
EInvalid shared memory segment size
EInvalid shared memory segment size
DAdded 1-03 Gone Tomorrow.mp3
DAdded 1-04 Mr. Met.mp3
ILoaded 12 items from /home/apexys/content/songs
EInvalid shared memory segment size
EInvalid shared memory segment size
DAdded Campusradio IndieWelle 2.mp3
EInvalid shared memory segment size
EInvalid shared memory segment size
DAdded Campusradio IndieWelle Kiel.mp3
EInvalid shared memory segment size
EInvalid shared memory segment size
DAdded Campusradio IndieWelle.mp3
EInvalid shared memory segment size
EInvalid shared memory segment size
DAdded Campusradio Leichter Zu Empfangen Als Bafög.mp3
DAdded Detlef.mp3
EInvalid shared memory segment size
EInvalid shared memory segment size
DAdded Guten Tag Studenten (Sonneborn).mp3
DAdded Hallo Kollegen.mp3
EInvalid shared memory segment size
EInvalid shared memory segment size
DAdded Hier ist das erste Kieler Campusradio.mp3
EInvalid shared memory segment size
EInvalid shared memory segment size
DAdded Nächster Halt.mp3
EInvalid shared memory segment size
EInvalid shared memory segment size
DAdded Wenn sich zwei Menschen.mp3
ILoaded 10 items from /home/apexys/content/jingles
EInvalid shared memory segment size
EInvalid shared memory segment size
DAdded Campusradio News Neutral.mp3
ILoaded 1 items from /home/apexys/content/news
IController: Idle
IController: Running
GCurrent action: Idle
GNext action: Song
GCurrent action: Song
GNext action: Song
EInvalid shared memory segment size
EInvalid shared memory segment size
DMixer fading: 8.333333
DMixer fading: 16.66667
DMixer fading: 25
DMixer fading: 33.33333
DMixer fading: 41.66666
DMixer fading: 50
DMixer fading: 58.33333
DMixer fading: 66.66666
DMixer fading: 75
DMixer fading: 83.33334
DMixer fading: 91.66667
DMixer fading: 100
NLooking for mplayer...
GMPlayer2 2.0-728-g2c378c7-2ubuntu3 (C) 2000-2012 MPlayer Team
DEnvironment: /home/apexys/RadioController/RadioController/bin/Debug
IController: Initializing
DAdded (01) Phoenix - Everything is Everything.mp3
DAdded (02) Phoenix - Run Run Run.mp3
DAdded 01 - A.mp3
DAdded 01. Debaser.mp3
DAdded 01. E-Go.mp3
DAdded 01. Peterlicht - Sag Mir, Wo Ich Beginnen Soll.mp3
DAdded 01. This Is The Beginning.mp3
DAdded 01.Chinatown.mp3
DAdded 1-01 If Not I'll Just Die.mp3
DAdded 1-02 2B2.mp3
DAdded 1-03 Gone Tomorrow.mp3
DAdded 1-04 Mr. Met.mp3
ILoaded 12 items from /home/apexys/content/songs
DAdded Campusradio IndieWelle 2.mp3
DAdded Campusradio IndieWelle Kiel.mp3
DAdded Campusradio IndieWelle.mp3
DAdded Campusradio Leichter Zu Empfangen Als Bafög.mp3
DAdded Detlef.mp3
DAdded Guten Tag Studenten (Sonneborn).mp3
DAdded Hallo Kollegen.mp3
DAdded Hier ist das erste Kieler Campusradio.mp3
DAdded Nächster Halt.mp3
DAdded Wenn sich zwei Menschen.mp3
ILoaded 10 items from /home/apexys/content/jingles
DAdded Campusradio News Neutral.mp3
ILoaded 1 items from /home/apexys/content/news
IController: Idle
IController: Running
GCurrent action: Idle
GNext action: Song
GCurrent action: Song
GNext action: Song
DMixer fading: 8.333333
DMixer fading: 16.66667
DMixer fading: 25
DMixer fading: 33.33333
DMixer fading: 41.66666
DMixer fading: 50
DMixer fading: 58.33333
DMixer fading: 66.66666
DMixer fading: 75
DMixer fading: 83.33334
DMixer fading: 91.66667
DMixer fading: 100
DMixer fading: 91.66666
DMixer fading: 8.333333
DMixer fading: 83.33333
DMixer fading: 16.66667
DMixer fading: 74.99999
DMixer fading: 25
DMixer fading: 66.66666
DMixer fading: 33.33333
DMixer fading: 58.33332
DMixer fading: 41.66666
DMixer fading: 49.99999
DMixer fading: 50
DMixer fading: 41.66666
DMixer fading: 58.33333
DMixer fading: 33.33333
DMixer fading: 66.66666
DMixer fading: 25
DMixer fading: 75
DMixer fading: 16.66666
DMixer fading: 83.33334
DMixer fading: 8.333331
DMixer fading: 91.66667
